Build started 10/04/2015 19:49:49.
     1>Project "C:\Users\daniel\Documents\Visual Studio 2013\Projects\Etapa-02\Etapa-02\Etapa-02.vcxproj" on node 2 (Build target(s)).
     1>ClCompile:
         C:\Program Files (x86)\Microsoft Visual Studio 12.0\VC\bin\CL.exe /c /ZI /nologo /W3 /WX- /Od /Oy- /D WIN32 /D _DEBUG /D _CONSOLE /D _LIB /D _UNICODE /D UNICODE /Gm /EHsc /RTC1 /MDd /GS /fp:precise /Zc:wchar_t /Zc:forScope /Fo"Debug\\" /Fd"Debug\vc120.pdb" /Gd /TP /analyze- /errorReport:prompt main.cpp
         main.cpp
     1>c:\users\daniel\documents\visual studio 2013\projects\etapa-02\etapa-02\main.cpp(266): warning C4018: '<' : signed/unsigned mismatch
     1>c:\users\daniel\documents\visual studio 2013\projects\etapa-02\etapa-02\main.cpp(363): warning C4018: '<' : signed/unsigned mismatch
     1>c:\users\daniel\documents\visual studio 2013\projects\etapa-02\etapa-02\main.cpp(374): warning C4018: '<' : signed/unsigned mismatch
     1>c:\users\daniel\documents\visual studio 2013\projects\etapa-02\etapa-02\main.cpp(414): warning C4101: 'aux' : unreferenced local variable
     1>c:\users\daniel\documents\visual studio 2013\projects\etapa-02\etapa-02\main.cpp(424): warning C4129: '.' : unrecognized character escape sequence
     1>c:\users\daniel\documents\visual studio 2013\projects\etapa-02\etapa-02\main.cpp(587): warning C4018: '<' : signed/unsigned mismatch
     1>c:\users\daniel\documents\visual studio 2013\projects\etapa-02\etapa-02\main.cpp(602): warning C4715: 'interpretar' : not all control paths return a value
       Link:
         C:\Program Files (x86)\Microsoft Visual Studio 12.0\VC\bin\link.exe /ERRORREPORT:PROMPT /OUT:"C:\Users\daniel\Documents\Visual Studio 2013\Projects\Etapa-02\Debug\Etapa-02.exe" /INCREMENTAL /NOLOGO kernel32.lib user32.lib gdi32.lib winspool.lib comdlg32.lib advapi32.lib shell32.lib ole32.lib oleaut32.lib uuid.lib odbc32.lib odbccp32.lib /MANIFEST /MANIFESTUAC:"level='asInvoker' uiAccess='false'" /manifest:embed /DEBUG /PDB:"C:\Users\daniel\Documents\Visual Studio 2013\Projects\Etapa-02\Debug\Etapa-02.pdb" /SUBSYSTEM:CONSOLE /TLBID:1 /DYNAMICBASE /NXCOMPAT /IMPLIB:"C:\Users\daniel\Documents\Visual Studio 2013\Projects\Etapa-02\Debug\Etapa-02.lib" /MACHINE:X86 Debug\formas.obj
         Debug\main.obj
         Debug\tinystr.obj
         Debug\tinyxml.obj
         Debug\tinyxmlerror.obj
         Debug\tinyxmlparser.obj
         Etapa-02.vcxproj -> C:\Users\daniel\Documents\Visual Studio 2013\Projects\Etapa-02\Debug\Etapa-02.exe
     1>Done Building Project "C:\Users\daniel\Documents\Visual Studio 2013\Projects\Etapa-02\Etapa-02\Etapa-02.vcxproj" (Build target(s)).

Build succeeded.

Time Elapsed 00:00:01.63
